\BOOKMARK [1][-]{section.1}{Education}{}% 1
\BOOKMARK [2][-]{subsection.1.1}{Kalyani\040Government}{section.1}% 2
\BOOKMARK [2][-]{subsection.1.2}{Engineering\040College}{section.1}% 3
\BOOKMARK [2][-]{subsection.1.3}{Ramakrishna\040Mission}{section.1}% 4
\BOOKMARK [2][-]{subsection.1.4}{Vivekananda\040University}{section.1}% 5
\BOOKMARK [2][-]{subsection.1.5}{Ramakrishna\040Mission}{section.1}% 6
\BOOKMARK [2][-]{subsection.1.6}{Vidyamandira}{section.1}% 7
\BOOKMARK [2][-]{subsection.1.7}{Don\040Bosco\040School}{section.1}% 8
\BOOKMARK [1][-]{section.2}{Links}{}% 9
\BOOKMARK [1][-]{section.3}{Skills}{}% 10
\BOOKMARK [2][-]{subsection.3.1}{Programming}{section.3}% 11
\BOOKMARK [2][-]{subsection.3.2}{Tools}{section.3}% 12
\BOOKMARK [2][-]{subsection.3.3}{Cloud}{section.3}% 13
\BOOKMARK [2][-]{subsection.3.4}{Others}{section.3}% 14
\BOOKMARK [1][-]{section.4}{Want\040to\040Learn}{}% 15
\BOOKMARK [2][-]{subsection.4.1}{Technology}{section.4}% 16
\BOOKMARK [2][-]{subsection.4.2}{Others}{section.4}% 17
\BOOKMARK [1][-]{section.5}{Experience}{}% 18
\BOOKMARK [1][-]{section.6}{Research}{}% 19
\BOOKMARK [1][-]{section.7}{Projects}{}% 20
